<?xml version="1.0" encoding="UTF-8"?>
<testsuite name="com.telrun.contacts.tests.RemoveContactTests" tests="1" skipped="0" failures="0" errors="0" timestamp="2022-08-03T15:17:10" hostname="LAPTOP-ES9UA65O" time="4.286">
  <properties/>
  <testcase name="removeContactTest" classname="com.telrun.contacts.tests.RemoveContactTests" time="4.286"/>
  <system-out><![CDATA[17:17:06.955 [Test worker] INFO  com.telrun.contacts.tests.TestBase - Test start removeContactTestwith data[]
17:17:14.356 [Test worker] INFO  com.telrun.contacts.tests.TestBase - PASSED: test method removeContactTest
]]></system-out>
  <system-err><![CDATA[Starting ChromeDriver 102.0.5005.61 (0e59bcc00cc4985ce39ad31c150065f159d95ad3-refs/branch-heads/5005@{#819}) on port 26033
Only local connections are allowed.
Please see https://chromedriver.chromium.org/security-considerations for suggestions on keeping ChromeDriver safe.
ChromeDriver was started successfully.
[1659539825.724][WARNING]: This version of ChromeDriver has not been tested with Chrome version 103.
Aug 03, 2022 5:17:05 PM org.openqa.selenium.remote.ProtocolHandshake createSession
INFO: Detected dialect: W3C
]]></system-err>
</testsuite>
